<?xml version="1.0" encoding="UTF-8"?>
<testsuite name="SpaceAgeTest" tests="8" skipped="0" failures="0" errors="0" timestamp="2018-04-26T20:18:54" hostname="DESKTOP-1G9K6DL" time="0.019">
  <properties/>
  <testcase name="ageOnSaturn" classname="SpaceAgeTest" time="0.016"/>
  <testcase name="ageOnUranus" classname="SpaceAgeTest" time="0.0"/>
  <testcase name="ageOnJupiter" classname="SpaceAgeTest" time="0.0"/>
  <testcase name="ageOnMercury" classname="SpaceAgeTest" time="0.0"/>
  <testcase name="ageOnEarth" classname="SpaceAgeTest" time="0.0"/>
  <testcase name="ageOnVenus" classname="SpaceAgeTest" time="0.001"/>
  <testcase name="ageOnMars" classname="SpaceAgeTest" time="0.0"/>
  <testcase name="ageOnNeptune" classname="SpaceAgeTest" time="0.0"/>
  <system-out><![CDATA[]]></system-out>
  <system-err><![CDATA[]]></system-err>
</testsuite>
