<?xml version="1.0" encoding="UTF-8"?>
<testsuite name="AcronymTest" tests="6" skipped="0" failures="0" errors="0" timestamp="2018-04-26T20:50:51" hostname="DESKTOP-1G9K6DL" time="0.011">
  <properties/>
  <testcase name="fromTitleCasedPhrases" classname="AcronymTest" time="0.009"/>
  <testcase name="fromPhrasesWithPunctuationAndSentenceCasing" classname="AcronymTest" time="0.0"/>
  <testcase name="fromNonAcronymAllCapsWord" classname="AcronymTest" time="0.0"/>
  <testcase name="fromOtherTitleCasedPhrases" classname="AcronymTest" time="0.0"/>
  <testcase name="fromPhrasesWithPunctuation" classname="AcronymTest" time="0.0"/>
  <testcase name="fromAllCapsWord" classname="AcronymTest" time="0.0"/>
  <system-out><![CDATA[]]></system-out>
  <system-err><![CDATA[]]></system-err>
</testsuite>
